Arguments: 
  /home/jtomchak/.nvm/versions/node/v12.2.0/bin/node /home/jtomchak/.yarn/bin/yarn.js test

PATH: 
  /home/jtomchak/.cargo/bin:/home/jtomchak/.npm-global/bin:/home/jtomchak/bin:/home/jtomchak/.local/bin:/home/jtomchak/.sdkman/candidates/gradle/current/bin:/home/jtomchak/.yarn/bin:/home/jtomchak/.config/yarn/global/node_modules/.bin:/home/jtomchak/.nvm/versions/node/v12.2.0/bin:/usr/local/sbin:/usr/local/bin:/usr/sbin:/usr/bin:/sbin:/bin:/usr/games:/usr/local/games:/c/Windows:/c/Windows/System32/Wbem:/c/Windows/system32:/c/Users/jtomc/scoop/shims:/c/Users/jtomc/AppData/Roaming/local/bin:/c/Users/jtomc/.cargo/bin:/c/Users/jtomc/AppData/Local/Microsoft/WindowsApps:/c/Program Files/Microsoft VS Code/bin:/c/Program Files (x86)/Oni:/c/Users/jtomc/AppData/Local/now-cli:/c/Users/jtomc/AppData/Local/hyper/app-3.0.2/resources/bin:/c/Users/jtomc/AppData/Roaming/npm:/c/Program Files/heroku/bin:/c/Program Files/Lando/bin:/c/Users/jtomc/AppData/Local/GitHubDesktop/bin:/c/Users/jtomc/AppData/Local/Microsoft/WindowsApps:/c/Program Files/Git/cmd:/c/Program Files/Git/mingw64/bin:/c/Program Files/Git/usr/bin:/c/Program Files/Dart/dart-sdk/bin:/c/Windows/System32/WindowsPowerShell/v1.0:/c/Users/jtomc/flutter/bin:/c/Program Files/Java/jdk1.8.0_241/bin:/c/android-sdk:/c/android-sdk/tools:/c/android-sdk/platform-tools:/snap/bin:/usr/lib/jvm/java-8-oracle/bin:/usr/lib/jvm/java-8-oracle/db/bin:/usr/lib/jvm/java-8-oracle/jre/bin:/home/jtomchak/.cargo/bin:/home/jtomchak/flutter/bin:/usr/lib/jvm/java-8-openjdk-amd64/bin:/home/jtomchak/Android/tools:/home/jtomchak/Android/platform-tools

Yarn version: 
  1.21.1

Node version: 
  12.2.0

Platform: 
  linux x64

Trace: 
  SyntaxError: /home/jtomchak/code_projects/stl-challenge/package.json: Unexpected token $ in JSON at position 348
      at JSON.parse (<anonymous>)
      at /home/jtomchak/.yarn/lib/cli.js:1625:59
      at Generator.next (<anonymous>)
      at step (/home/jtomchak/.yarn/lib/cli.js:310:30)
      at /home/jtomchak/.yarn/lib/cli.js:321:13

npm manifest: 
  {
    "name": "stl-challenge",
    "version": "1.0.0",
    "main": "index.js",
    "author": "Jesse Tomchak <jtomchak@gmail.com>",
    "license": "MIT",
    "dependencies": {
      "nearley": "^2.19.1"
    },
    "scripts": {
      "nc": "nearleyc",
      "compile:stl": "nearleyc src/stl.ne -o src/stl.js",
      "stl": "node src/index.js",
      "test": "nearley-test -i "$(<src/sample.stl)" src/stl.js"
    }
  }

yarn manifest: 
  No manifest

Lockfile: 
  # THIS IS AN AUTOGENERATED FILE. DO NOT EDIT THIS FILE DIRECTLY.
  # yarn lockfile v1
  
  
  commander@^2.19.0:
    version "2.20.3"
    resolved "https://registry.yarnpkg.com/commander/-/commander-2.20.3.tgz#fd485e84c03eb4881c20722ba48035e8531aeb33"
    integrity sha512-GpVkmM8vF2vQUkj2LvZmD35JxeJOLCwJ9cUkugyk2nuhbv3+mJvpLYYt+0+USMxE+oj+ey/lJEnhZw75x/OMcQ==
  
  discontinuous-range@1.0.0:
    version "1.0.0"
    resolved "https://registry.yarnpkg.com/discontinuous-range/-/discontinuous-range-1.0.0.tgz#e38331f0844bba49b9a9cb71c771585aab1bc65a"
    integrity sha1-44Mx8IRLukm5qctxx3FYWqsbxlo=
  
  moo@^0.5.0:
    version "0.5.1"
    resolved "https://registry.yarnpkg.com/moo/-/moo-0.5.1.tgz#7aae7f384b9b09f620b6abf6f74ebbcd1b65dbc4"
    integrity sha512-I1mnb5xn4fO80BH9BLcF0yLypy2UKl+Cb01Fu0hJRkJjlCRtxZMWkTdAtDd5ZqCOxtCkhmRwyI57vWT+1iZ67w==
  
  nearley@^2.19.1:
    version "2.19.1"
    resolved "https://registry.yarnpkg.com/nearley/-/nearley-2.19.1.tgz#4af4006e16645ff800e9f993c3af039857d9dbdc"
    integrity sha512-xq47GIUGXxU9vQg7g/y1o1xuKnkO7ev4nRWqftmQrLkfnE/FjRqDaGOUakM8XHPn/6pW3bGjU2wgoJyId90rqg==
    dependencies:
      commander "^2.19.0"
      moo "^0.5.0"
      railroad-diagrams "^1.0.0"
      randexp "0.4.6"
      semver "^5.4.1"
  
  railroad-diagrams@^1.0.0:
    version "1.0.0"
    resolved "https://registry.yarnpkg.com/railroad-diagrams/-/railroad-diagrams-1.0.0.tgz#eb7e6267548ddedfb899c1b90e57374559cddb7e"
    integrity sha1-635iZ1SN3t+4mcG5Dlc3RVnN234=
  
  randexp@0.4.6:
    version "0.4.6"
    resolved "https://registry.yarnpkg.com/randexp/-/randexp-0.4.6.tgz#e986ad5e5e31dae13ddd6f7b3019aa7c87f60ca3"
    integrity sha512-80WNmd9DA0tmZrw9qQa62GPPWfuXJknrmVmLcxvq4uZBdYqb1wYoKTmnlGUchvVWe0XiLupYkBoXVOxz3C8DYQ==
    dependencies:
      discontinuous-range "1.0.0"
      ret "~0.1.10"
  
  ret@~0.1.10:
    version "0.1.15"
    resolved "https://registry.yarnpkg.com/ret/-/ret-0.1.15.tgz#b8a4825d5bdb1fc3f6f53c2bc33f81388681c7bc"
    integrity sha512-TTlYpa+OL+vMMNG24xSlQGEJ3B/RzEfUlLct7b5G/ytav+wPrplCpVMFuwzXbkecJrb6IYo1iFb0S9v37754mg==
  
  semver@^5.4.1:
    version "5.7.1"
    resolved "https://registry.yarnpkg.com/semver/-/semver-5.7.1.tgz#a954f931aeba508d307bbf069eff0c01c96116f7"
    integrity sha512-sauaDf/PZdVgrLTNYHRtpXa1iRiKcaebiKQ1BJdpQlWH2lCvexQdX55snPFyK7QzpudqbCI0qXFfOasHdyNDGQ==
